<?xml version="1.0" encoding="UTF-8"?>
<testsuite name="org.wit.crypto.console.models.CryptoJSONStoreTest" tests="2" skipped="0" failures="0" errors="0" timestamp="2021-10-22T10:21:06" hostname="aaron-UX410UAK" time="0.029">
  <properties/>
  <testcase name="create()" classname="org.wit.crypto.console.models.CryptoJSONStoreTest" time="0.024"/>
  <testcase name="delete()" classname="org.wit.crypto.console.models.CryptoJSONStoreTest" time="0.003"/>
  <system-out><![CDATA[]]></system-out>
  <system-err><![CDATA[]]></system-err>
</testsuite>
